<?xml version="1.0" encoding="UTF-8"?>
<!-- Generated by org.testng.reporters.JUnitReportReporter -->
<testsuite skipped="0" hostname="P3ALAP-B1HYVZ2" name="Day1.WriteExcel" tests="1" failures="0" timestamp="07 Jul 2020 09:54:19 GMT" time="0.547" errors="0">
  <testcase name="f" time="0.547" classname="Day1.WriteExcel"/>
</testsuite> <!-- Day1.WriteExcel -->
