<?xml version="1.0" encoding="UTF-8"?>
<!-- Generated by org.testng.reporters.JUnitReportReporter -->
<testsuite skipped="0" hostname="P3ALAP-B1HYVZ2" name="Day1.demo4" tests="1" failures="0" timestamp="07 Jul 2020 07:59:29 GMT" time="1.333" errors="0">
  <testcase name="f" time="1.333" classname="Day1.demo4"/>
</testsuite> <!-- Day1.demo4 -->
