<?xml version="1.0" encoding="UTF-8"?>
<!-- Generated by org.testng.reporters.JUnitReportReporter -->
<testsuite skipped="0" hostname="P3ALAP-B1HYVZ2" name="Day1.ActionsDemo" tests="1" failures="0" timestamp="06 Jul 2020 12:35:05 GMT" time="1.060" errors="0">
  <testcase name="f" time="1.060" classname="Day1.ActionsDemo"/>
</testsuite> <!-- Day1.ActionsDemo -->
