<?xml version="1.0" encoding="UTF-8"?>
<!-- Generated by org.testng.reporters.JUnitReportReporter -->
<testsuite skipped="0" hostname="P3ALAP-B1HYVZ2" name="Day1.DemoCookie" tests="1" failures="0" timestamp="07 Jul 2020 07:19:20 GMT" time="1.792" errors="0">
  <testcase name="login" time="1.792" classname="Day1.DemoCookie"/>
</testsuite> <!-- Day1.DemoCookie -->
