<?xml version="1.0" encoding="UTF-8"?>
<!-- Generated by org.testng.reporters.JUnitReportReporter -->
<testsuite skipped="0" hostname="P3ALAP-B1HYVZ2" name="Day1.RobotExercise" tests="1" failures="0" timestamp="07 Jul 2020 19:23:59 GMT" time="0.095" errors="0">
  <testcase name="robotdemo" time="0.095" classname="Day1.RobotExercise"/>
</testsuite> <!-- Day1.RobotExercise -->
