<?xml version="1.0" encoding="UTF-8"?>
<!-- Generated by org.testng.reporters.JUnitReportReporter -->
<testsuite skipped="0" hostname="P3ALAP-B1HYVZ2" name="Day1.ReadWriteExcelExcercise" tests="2" failures="0" timestamp="07 Jul 2020 19:11:58 GMT" time="30.828" errors="0">
  <testcase name="loginTestMeApp" time="15.136" classname="Day1.ReadWriteExcelExcercise"/>
  <testcase name="loginTestMeApp" time="15.692" classname="Day1.ReadWriteExcelExcercise"/>
</testsuite> <!-- Day1.ReadWriteExcelExcercise -->
